Using pre-set license
Built from '2021.3/release' branch; Version is '2021.3.17f1 (3e8111cac19d) revision 4096273'; Using compiler version '192829333'; Build Type 'Release'
OS: 'Windows 10  (10.0.19044) 64bit Core' Language: 'en' Physical Memory: 16310 MB
BatchMode: 1, IsHumanControllingUs: 0, StartBugReporterOnCrash: 0, Is64bit: 1, IsPro: 1

COMMAND LINE ARGUMENTS:
D:\Unity\UnityTools\2021.3.17f1\Editor\Unity.exe
-adb2
-batchMode
-noUpm
-name
AssetImportWorker1
-projectPath
D:/Unity/UnityProjects/Dungeon Diver
-logFile
Logs/AssetImportWorker1.log
-srvPort
59847
Successfully changed project path to: D:/Unity/UnityProjects/Dungeon Diver
D:/Unity/UnityProjects/Dungeon Diver
[UnityMemory] Configuration Parameters - Can be set up in boot.config
    "memorysetup-bucket-allocator-granularity=16"
    "memorysetup-bucket-allocator-bucket-count=8"
    "memorysetup-bucket-allocator-block-size=33554432"
    "memorysetup-bucket-allocator-block-count=8"
    "memorysetup-main-allocator-block-size=16777216"
    "memorysetup-thread-allocator-block-size=16777216"
    "memorysetup-gfx-main-allocator-block-size=16777216"
    "memorysetup-gfx-thread-allocator-block-size=16777216"
    "memorysetup-cache-allocator-block-size=4194304"
    "memorysetup-typetree-allocator-block-size=2097152"
    "memorysetup-profiler-bucket-allocator-granularity=16"
    "memorysetup-profiler-bucket-allocator-bucket-count=8"
    "memorysetup-profiler-bucket-allocator-block-size=33554432"
    "memorysetup-profiler-bucket-allocator-block-count=8"
    "memorysetup-profiler-allocator-block-size=16777216"
    "memorysetup-profiler-editor-allocator-block-size=1048576"
    "memorysetup-temp-allocator-size-main=16777216"
    "memorysetup-job-temp-allocator-block-size=2097152"
    "memorysetup-job-temp-allocator-block-size-background=1048576"
    "memorysetup-job-temp-allocator-reduction-small-platforms=262144"
    "memorysetup-temp-allocator-size-background-worker=32768"
    "memorysetup-temp-allocator-size-job-worker=262144"
    "memorysetup-temp-allocator-size-preload-manager=33554432"
    "memorysetup-temp-allocator-size-nav-mesh-worker=65536"
    "memorysetup-temp-allocator-size-audio-worker=65536"
    "memorysetup-temp-allocator-size-cloud-worker=32768"
    "memorysetup-temp-allocator-size-gi-baking-worker=262144"
    "memorysetup-temp-allocator-size-gfx=262144"
Player connection [13828] Host "[IP] 192.168.56.1 [Port] 0 [Flags] 2 [Guid] 1900776309 [EditorId] 1900776309 [Version] 1048832 [Id] WindowsEditor(7,MoonlightBall) [Debug] 1 [PackageName] WindowsEditor [ProjectName] Editor" joined multi-casting on [225.0.0.222:54997]...

Player connection [13828] Host "[IP] 192.168.56.1 [Port] 0 [Flags] 2 [Guid] 1900776309 [EditorId] 1900776309 [Version] 1048832 [Id] WindowsEditor(7,MoonlightBall) [Debug] 1 [PackageName] WindowsEditor [ProjectName] Editor" joined alternative multi-casting on [225.0.0.222:34997]...

Refreshing native plugins compatible for Editor in 109.23 ms, found 4 plugins.
Preloading 0 native plugins for Editor in 0.00 ms.
Initialize engine version: 2021.3.17f1 (3e8111cac19d)
[Subsystems] Discovering subsystems at path D:/Unity/UnityTools/2021.3.17f1/Editor/Data/Resources/UnitySubsystems
[Subsystems] Discovering subsystems at path D:/Unity/UnityProjects/Dungeon Diver/Assets
GfxDevice: creating device client; threaded=0; jobified=0
Direct3D:
    Version:  Direct3D 11.0 [level 11.1]
    Renderer: NVIDIA GeForce GTX 1060 3GB (ID=0x1c02)
    Vendor:   NVIDIA
    VRAM:     2988 MB
    Driver:   31.0.15.1694
Initialize mono
Mono path[0] = 'D:/Unity/UnityTools/2021.3.17f1/Editor/Data/Managed'
Mono path[1] = 'D:/Unity/UnityTools/2021.3.17f1/Editor/Data/MonoBleedingEdge/lib/mono/unityjit-win32'
Mono config path = 'D:/Unity/UnityTools/2021.3.17f1/Editor/Data/MonoBleedingEdge/etc'
Using monoOptions --debugger-agent=transport=dt_socket,embedding=1,server=y,suspend=n,address=127.0.0.1:56748
Begin MonoManager ReloadAssembly
Registering precompiled unity dll's ...
Register platform support module: D:/Unity/UnityTools/2021.3.17f1/Editor/Data/PlaybackEngines/WebGLSupport/UnityEditor.WebGL.Extensions.dll
Register platform support module: D:/Unity/UnityTools/2021.3.17f1/Editor/Data/PlaybackEngines/WindowsStandaloneSupport/UnityEditor.WindowsStandalone.Extensions.dll
Registered in 0.003313 seconds.
Native extension for WindowsStandalone target not found
Native extension for WebGL target not found
Refreshing native plugins compatible for Editor in 112.30 ms, found 4 plugins.
Preloading 0 native plugins for Editor in 0.00 ms.
Mono: successfully reloaded assembly
- Completed reload, in  0.670 seconds
Domain Reload Profiling:
	ReloadAssembly (671ms)
		BeginReloadAssembly (87ms)
			ExecutionOrderSort (0ms)
			DisableScriptedObjects (0ms)
			BackupInstance (0ms)
			ReleaseScriptingObjects (0ms)
			CreateAndSetChildDomain (1ms)
		EndReloadAssembly (485ms)
			LoadAssemblies (87ms)
			RebuildTransferFunctionScriptingTraits (0ms)
			SetupTypeCache (98ms)
			ReleaseScriptCaches (0ms)
			RebuildScriptCaches (24ms)
			SetupLoadedEditorAssemblies (317ms)
				LogAssemblyErrors (0ms)
				InitializePlatformSupportModulesInManaged (7ms)
				SetLoadedEditorAssemblies (0ms)
				RefreshPlugins (112ms)
				BeforeProcessingInitializeOnLoad (1ms)
				ProcessInitializeOnLoadAttributes (151ms)
				ProcessInitializeOnLoadMethodAttributes (45ms)
				AfterProcessingInitializeOnLoad (0ms)
				EditorAssembliesLoaded (0ms)
			ExecutionOrderSort2 (0ms)
			AwakeInstancesAfterBackupRestoration (0ms)
Platform modules already initialized, skipping
Registering precompiled user dll's ...
Registered in 0.006897 seconds.
Begin MonoManager ReloadAssembly
Symbol file LoadedFromMemory doesn't match image D:\Unity\UnityProjects\Dungeon Diver\Library\PackageCache\com.unity.visualscripting@1.8.0\Editor\VisualScripting.Core\Dependencies\YamlDotNet\Unity.VisualScripting.YamlDotNet.dll
Symbol file LoadedFromMemory doesn't match image D:\Unity\UnityProjects\Dungeon Diver\Library\PackageCache\com.unity.visualscripting@1.8.0\Editor\VisualScripting.Core\Dependencies\DotNetZip\Unity.VisualScripting.IonicZip.dll
Native extension for WindowsStandalone target not found
Native extension for WebGL target not found
Refreshing native plugins compatible for Editor in 102.28 ms, found 4 plugins.
Preloading 0 native plugins for Editor in 0.00 ms.
Mono: successfully reloaded assembly
- Completed reload, in  1.077 seconds
Domain Reload Profiling:
	ReloadAssembly (1078ms)
		BeginReloadAssembly (118ms)
			ExecutionOrderSort (0ms)
			DisableScriptedObjects (6ms)
			BackupInstance (0ms)
			ReleaseScriptingObjects (0ms)
			CreateAndSetChildDomain (21ms)
		EndReloadAssembly (858ms)
			LoadAssemblies (99ms)
			RebuildTransferFunctionScriptingTraits (0ms)
			SetupTypeCache (210ms)
			ReleaseScriptCaches (1ms)
			RebuildScriptCaches (46ms)
			SetupLoadedEditorAssemblies (475ms)
				LogAssemblyErrors (0ms)
				InitializePlatformSupportModulesInManaged (4ms)
				SetLoadedEditorAssemblies (0ms)
				RefreshPlugins (102ms)
				BeforeProcessingInitializeOnLoad (92ms)
				ProcessInitializeOnLoadAttributes (231ms)
				ProcessInitializeOnLoadMethodAttributes (43ms)
				AfterProcessingInitializeOnLoad (3ms)
				EditorAssembliesLoaded (0ms)
			ExecutionOrderSort2 (0ms)
			AwakeInstancesAfterBackupRestoration (5ms)
Platform modules already initialized, skipping
========================================================================
Worker process is ready to serve import requests
Launched and connected shader compiler UnityShaderCompiler.exe after 0.04 seconds
Refreshing native plugins compatible for Editor in 0.88 ms, found 4 plugins.
Preloading 0 native plugins for Editor in 0.00 ms.
Unloading 4098 Unused Serialized files (Serialized files now loaded: 0)
Unloading 44 unused Assets / (229.0 KB). Loaded Objects now: 4550.
Memory consumption went from 153.8 MB to 153.6 MB.
Total: 3.069400 ms (FindLiveObjects: 0.248400 ms CreateObjectMapping: 0.112400 ms MarkObjects: 2.562300 ms  DeleteObjects: 0.145400 ms)

AssetImportParameters requested are different than current active one (requested -> active):
  custom:video-decoder-ogg-theora: a1e56fd34408186e4bbccfd4996cb3dc -> 
  custom:container-muxer-webm: aa71ff27fc2769a1b78a27578f13a17b -> 
  custom:container-demuxer-webm: 4f35f7cbe854078d1ac9338744f61a02 -> 
  custom:video-encoder-webm-vp8: eb34c28f22e8b96e1ab97ce403110664 -> 
  custom:video-codec-MediaFoundation-h265: 746d11721c4dcdbdad8f713fa42b33f4 -> 
  custom:audio-encoder-webm-vorbis: bf7c407c2cedff20999df2af8eb42d56 -> 
  custom:framework-win-MediaFoundation: 216162199b28c13a410421893ffa2e32 -> 
  custom:container-demuxer-ogg: 62fdf1f143b41e24485cea50d1cbac27 -> 
  custom:video-decoder-webm-vp8: 9c59270c3fd7afecdb556c50c9e8de78 -> 
  custom:audio-decoder-ogg-vorbis: bf7c407c2cedff20999df2af8eb42d56 -> 
========================================================================
Received Prepare
Registering precompiled user dll's ...
Registered in 0.006601 seconds.
Begin MonoManager ReloadAssembly
Symbol file LoadedFromMemory doesn't match image D:\Unity\UnityProjects\Dungeon Diver\Library\PackageCache\com.unity.visualscripting@1.8.0\Editor\VisualScripting.Core\Dependencies\YamlDotNet\Unity.VisualScripting.YamlDotNet.dll
Symbol file LoadedFromMemory doesn't match image D:\Unity\UnityProjects\Dungeon Diver\Library\PackageCache\com.unity.visualscripting@1.8.0\Editor\VisualScripting.Core\Dependencies\DotNetZip\Unity.VisualScripting.IonicZip.dll
Native extension for WindowsStandalone target not found
Native extension for WebGL target not found
Refreshing native plugins compatible for Editor in 0.88 ms, found 4 plugins.
Preloading 0 native plugins for Editor in 0.00 ms.
Mono: successfully reloaded assembly
- Completed reload, in  0.975 seconds
Domain Reload Profiling:
	ReloadAssembly (975ms)
		BeginReloadAssembly (146ms)
			ExecutionOrderSort (0ms)
			DisableScriptedObjects (8ms)
			BackupInstance (0ms)
			ReleaseScriptingObjects (0ms)
			CreateAndSetChildDomain (34ms)
		EndReloadAssembly (739ms)
			LoadAssemblies (116ms)
			RebuildTransferFunctionScriptingTraits (0ms)
			SetupTypeCache (220ms)
			ReleaseScriptCaches (1ms)
			RebuildScriptCaches (43ms)
			SetupLoadedEditorAssemblies (338ms)
				LogAssemblyErrors (0ms)
				InitializePlatformSupportModulesInManaged (14ms)
				SetLoadedEditorAssemblies (0ms)
				RefreshPlugins (1ms)
				BeforeProcessingInitializeOnLoad (69ms)
				ProcessInitializeOnLoadAttributes (211ms)
				ProcessInitializeOnLoadMethodAttributes (38ms)
				AfterProcessingInitializeOnLoad (4ms)
				EditorAssembliesLoaded (0ms)
			ExecutionOrderSort2 (0ms)
			AwakeInstancesAfterBackupRestoration (8ms)
Platform modules already initialized, skipping
Refreshing native plugins compatible for Editor in 2.47 ms, found 4 plugins.
Preloading 0 native plugins for Editor in 0.00 ms.
Unloading 4080 Unused Serialized files (Serialized files now loaded: 0)
Unloading 31 unused Assets / (195.9 KB). Loaded Objects now: 4553.
Memory consumption went from 152.3 MB to 152.1 MB.
Total: 3.663900 ms (FindLiveObjects: 0.446200 ms CreateObjectMapping: 0.288800 ms MarkObjects: 2.794000 ms  DeleteObjects: 0.134000 ms)

AssetImportParameters requested are different than current active one (requested -> active):
  custom:video-decoder-ogg-theora: a1e56fd34408186e4bbccfd4996cb3dc -> 
  custom:container-muxer-webm: aa71ff27fc2769a1b78a27578f13a17b -> 
  custom:container-demuxer-webm: 4f35f7cbe854078d1ac9338744f61a02 -> 
  custom:video-encoder-webm-vp8: eb34c28f22e8b96e1ab97ce403110664 -> 
  custom:video-codec-MediaFoundation-h265: 746d11721c4dcdbdad8f713fa42b33f4 -> 
  custom:audio-encoder-webm-vorbis: bf7c407c2cedff20999df2af8eb42d56 -> 
  custom:framework-win-MediaFoundation: 216162199b28c13a410421893ffa2e32 -> 
  custom:container-demuxer-ogg: 62fdf1f143b41e24485cea50d1cbac27 -> 
  custom:video-decoder-webm-vp8: 9c59270c3fd7afecdb556c50c9e8de78 -> 
  custom:audio-decoder-ogg-vorbis: bf7c407c2cedff20999df2af8eb42d56 -> 
========================================================================
Received Prepare
Registering precompiled user dll's ...
Registered in 0.006861 seconds.
Begin MonoManager ReloadAssembly
Symbol file LoadedFromMemory doesn't match image D:\Unity\UnityProjects\Dungeon Diver\Library\PackageCache\com.unity.visualscripting@1.8.0\Editor\VisualScripting.Core\Dependencies\YamlDotNet\Unity.VisualScripting.YamlDotNet.dll
Symbol file LoadedFromMemory doesn't match image D:\Unity\UnityProjects\Dungeon Diver\Library\PackageCache\com.unity.visualscripting@1.8.0\Editor\VisualScripting.Core\Dependencies\DotNetZip\Unity.VisualScripting.IonicZip.dll
Native extension for WindowsStandalone target not found
Native extension for WebGL target not found
Refreshing native plugins compatible for Editor in 0.94 ms, found 4 plugins.
Preloading 0 native plugins for Editor in 0.00 ms.
Mono: successfully reloaded assembly
- Completed reload, in  0.980 seconds
Domain Reload Profiling:
	ReloadAssembly (980ms)
		BeginReloadAssembly (141ms)
			ExecutionOrderSort (0ms)
			DisableScriptedObjects (7ms)
			BackupInstance (0ms)
			ReleaseScriptingObjects (0ms)
			CreateAndSetChildDomain (35ms)
		EndReloadAssembly (749ms)
			LoadAssemblies (107ms)
			RebuildTransferFunctionScriptingTraits (0ms)
			SetupTypeCache (219ms)
			ReleaseScriptCaches (1ms)
			RebuildScriptCaches (41ms)
			SetupLoadedEditorAssemblies (348ms)
				LogAssemblyErrors (0ms)
				InitializePlatformSupportModulesInManaged (13ms)
				SetLoadedEditorAssemblies (0ms)
				RefreshPlugins (1ms)
				BeforeProcessingInitializeOnLoad (72ms)
				ProcessInitializeOnLoadAttributes (217ms)
				ProcessInitializeOnLoadMethodAttributes (41ms)
				AfterProcessingInitializeOnLoad (3ms)
				EditorAssembliesLoaded (0ms)
			ExecutionOrderSort2 (0ms)
			AwakeInstancesAfterBackupRestoration (10ms)
Platform modules already initialized, skipping
Refreshing native plugins compatible for Editor in 2.40 ms, found 4 plugins.
Preloading 0 native plugins for Editor in 0.00 ms.
Unloading 4080 Unused Serialized files (Serialized files now loaded: 0)
Unloading 31 unused Assets / (196.0 KB). Loaded Objects now: 4556.
Memory consumption went from 152.0 MB to 151.8 MB.
Total: 3.381200 ms (FindLiveObjects: 0.257000 ms CreateObjectMapping: 0.162000 ms MarkObjects: 2.826300 ms  DeleteObjects: 0.134900 ms)

AssetImportParameters requested are different than current active one (requested -> active):
  custom:video-decoder-ogg-theora: a1e56fd34408186e4bbccfd4996cb3dc -> 
  custom:container-muxer-webm: aa71ff27fc2769a1b78a27578f13a17b -> 
  custom:container-demuxer-webm: 4f35f7cbe854078d1ac9338744f61a02 -> 
  custom:video-encoder-webm-vp8: eb34c28f22e8b96e1ab97ce403110664 -> 
  custom:video-codec-MediaFoundation-h265: 746d11721c4dcdbdad8f713fa42b33f4 -> 
  custom:audio-encoder-webm-vorbis: bf7c407c2cedff20999df2af8eb42d56 -> 
  custom:framework-win-MediaFoundation: 216162199b28c13a410421893ffa2e32 -> 
  custom:container-demuxer-ogg: 62fdf1f143b41e24485cea50d1cbac27 -> 
  custom:video-decoder-webm-vp8: 9c59270c3fd7afecdb556c50c9e8de78 -> 
  custom:audio-decoder-ogg-vorbis: bf7c407c2cedff20999df2af8eb42d56 -> 
========================================================================
Received Prepare
Registering precompiled user dll's ...
Registered in 0.006527 seconds.
Begin MonoManager ReloadAssembly
Symbol file LoadedFromMemory doesn't match image D:\Unity\UnityProjects\Dungeon Diver\Library\PackageCache\com.unity.visualscripting@1.8.0\Editor\VisualScripting.Core\Dependencies\YamlDotNet\Unity.VisualScripting.YamlDotNet.dll
Symbol file LoadedFromMemory doesn't match image D:\Unity\UnityProjects\Dungeon Diver\Library\PackageCache\com.unity.visualscripting@1.8.0\Editor\VisualScripting.Core\Dependencies\DotNetZip\Unity.VisualScripting.IonicZip.dll
Native extension for WindowsStandalone target not found
Native extension for WebGL target not found
Refreshing native plugins compatible for Editor in 0.88 ms, found 4 plugins.
Preloading 0 native plugins for Editor in 0.00 ms.
Mono: successfully reloaded assembly
- Completed reload, in  0.973 seconds
Domain Reload Profiling:
	ReloadAssembly (974ms)
		BeginReloadAssembly (142ms)
			ExecutionOrderSort (0ms)
			DisableScriptedObjects (7ms)
			BackupInstance (0ms)
			ReleaseScriptingObjects (0ms)
			CreateAndSetChildDomain (35ms)
		EndReloadAssembly (739ms)
			LoadAssemblies (114ms)
			RebuildTransferFunctionScriptingTraits (0ms)
			SetupTypeCache (219ms)
			ReleaseScriptCaches (1ms)
			RebuildScriptCaches (41ms)
			SetupLoadedEditorAssemblies (338ms)
				LogAssemblyErrors (0ms)
				InitializePlatformSupportModulesInManaged (12ms)
				SetLoadedEditorAssemblies (0ms)
				RefreshPlugins (1ms)
				BeforeProcessingInitializeOnLoad (72ms)
				ProcessInitializeOnLoadAttributes (209ms)
				ProcessInitializeOnLoadMethodAttributes (41ms)
				AfterProcessingInitializeOnLoad (3ms)
				EditorAssembliesLoaded (0ms)
			ExecutionOrderSort2 (0ms)
			AwakeInstancesAfterBackupRestoration (9ms)
Platform modules already initialized, skipping
Refreshing native plugins compatible for Editor in 2.25 ms, found 4 plugins.
Preloading 0 native plugins for Editor in 0.00 ms.
Unloading 4080 Unused Serialized files (Serialized files now loaded: 0)
Unloading 31 unused Assets / (195.7 KB). Loaded Objects now: 4559.
Memory consumption went from 152.0 MB to 151.8 MB.
Total: 2.987500 ms (FindLiveObjects: 0.215500 ms CreateObjectMapping: 0.098500 ms MarkObjects: 2.545700 ms  DeleteObjects: 0.126800 ms)

AssetImportParameters requested are different than current active one (requested -> active):
  custom:video-decoder-ogg-theora: a1e56fd34408186e4bbccfd4996cb3dc -> 
  custom:container-muxer-webm: aa71ff27fc2769a1b78a27578f13a17b -> 
  custom:container-demuxer-webm: 4f35f7cbe854078d1ac9338744f61a02 -> 
  custom:video-encoder-webm-vp8: eb34c28f22e8b96e1ab97ce403110664 -> 
  custom:video-codec-MediaFoundation-h265: 746d11721c4dcdbdad8f713fa42b33f4 -> 
  custom:audio-encoder-webm-vorbis: bf7c407c2cedff20999df2af8eb42d56 -> 
  custom:framework-win-MediaFoundation: 216162199b28c13a410421893ffa2e32 -> 
  custom:container-demuxer-ogg: 62fdf1f143b41e24485cea50d1cbac27 -> 
  custom:video-decoder-webm-vp8: 9c59270c3fd7afecdb556c50c9e8de78 -> 
  custom:audio-decoder-ogg-vorbis: bf7c407c2cedff20999df2af8eb42d56 -> 
========================================================================
Received Prepare
Registering precompiled user dll's ...
Registered in 0.006662 seconds.
Begin MonoManager ReloadAssembly
Symbol file LoadedFromMemory doesn't match image D:\Unity\UnityProjects\Dungeon Diver\Library\PackageCache\com.unity.visualscripting@1.8.0\Editor\VisualScripting.Core\Dependencies\YamlDotNet\Unity.VisualScripting.YamlDotNet.dll
Symbol file LoadedFromMemory doesn't match image D:\Unity\UnityProjects\Dungeon Diver\Library\PackageCache\com.unity.visualscripting@1.8.0\Editor\VisualScripting.Core\Dependencies\DotNetZip\Unity.VisualScripting.IonicZip.dll
Native extension for WindowsStandalone target not found
Native extension for WebGL target not found
Refreshing native plugins compatible for Editor in 0.90 ms, found 4 plugins.
Preloading 0 native plugins for Editor in 0.00 ms.
Mono: successfully reloaded assembly
- Completed reload, in  0.974 seconds
Domain Reload Profiling:
	ReloadAssembly (974ms)
		BeginReloadAssembly (141ms)
			ExecutionOrderSort (0ms)
			DisableScriptedObjects (7ms)
			BackupInstance (0ms)
			ReleaseScriptingObjects (0ms)
			CreateAndSetChildDomain (32ms)
		EndReloadAssembly (742ms)
			LoadAssemblies (115ms)
			RebuildTransferFunctionScriptingTraits (0ms)
			SetupTypeCache (215ms)
			ReleaseScriptCaches (2ms)
			RebuildScriptCaches (43ms)
			SetupLoadedEditorAssemblies (350ms)
				LogAssemblyErrors (0ms)
				InitializePlatformSupportModulesInManaged (13ms)
				SetLoadedEditorAssemblies (0ms)
				RefreshPlugins (1ms)
				BeforeProcessingInitializeOnLoad (79ms)
				ProcessInitializeOnLoadAttributes (210ms)
				ProcessInitializeOnLoadMethodAttributes (44ms)
				AfterProcessingInitializeOnLoad (3ms)
				EditorAssembliesLoaded (0ms)
			ExecutionOrderSort2 (0ms)
			AwakeInstancesAfterBackupRestoration (8ms)
Platform modules already initialized, skipping
Refreshing native plugins compatible for Editor in 2.25 ms, found 4 plugins.
Preloading 0 native plugins for Editor in 0.00 ms.
Unloading 4080 Unused Serialized files (Serialized files now loaded: 0)
Unloading 31 unused Assets / (195.7 KB). Loaded Objects now: 4562.
Memory consumption went from 152.0 MB to 151.8 MB.
Total: 2.901700 ms (FindLiveObjects: 0.212300 ms CreateObjectMapping: 0.099000 ms MarkObjects: 2.465600 ms  DeleteObjects: 0.124000 ms)

AssetImportParameters requested are different than current active one (requested -> active):
  custom:video-decoder-ogg-theora: a1e56fd34408186e4bbccfd4996cb3dc -> 
  custom:container-muxer-webm: aa71ff27fc2769a1b78a27578f13a17b -> 
  custom:container-demuxer-webm: 4f35f7cbe854078d1ac9338744f61a02 -> 
  custom:video-encoder-webm-vp8: eb34c28f22e8b96e1ab97ce403110664 -> 
  custom:video-codec-MediaFoundation-h265: 746d11721c4dcdbdad8f713fa42b33f4 -> 
  custom:audio-encoder-webm-vorbis: bf7c407c2cedff20999df2af8eb42d56 -> 
  custom:framework-win-MediaFoundation: 216162199b28c13a410421893ffa2e32 -> 
  custom:container-demuxer-ogg: 62fdf1f143b41e24485cea50d1cbac27 -> 
  custom:video-decoder-webm-vp8: 9c59270c3fd7afecdb556c50c9e8de78 -> 
  custom:audio-decoder-ogg-vorbis: bf7c407c2cedff20999df2af8eb42d56 -> 
========================================================================
Received Import Request.
  Time since last request: 190083.644133 seconds.
  path: Assets/PlayerAssets/prefab/Player.prefab
  artifactKey: Guid(cca0b91cef6010e45a4dbee31631cf82) Importer(815301076,1909f56bfc062723c751e8b465ee728b)
Start importing Assets/PlayerAssets/prefab/Player.prefab using Guid(cca0b91cef6010e45a4dbee31631cf82) Importer(815301076,1909f56bfc062723c751e8b465ee728b)  -> (artifact id: 'c01c394bc1b4733d9115335e73f15abc') in 0.132583 seconds 
========================================================================
Received Prepare
Registering precompiled user dll's ...
Registered in 0.006941 seconds.
Begin MonoManager ReloadAssembly
Symbol file LoadedFromMemory doesn't match image D:\Unity\UnityProjects\Dungeon Diver\Library\PackageCache\com.unity.visualscripting@1.8.0\Editor\VisualScripting.Core\Dependencies\YamlDotNet\Unity.VisualScripting.YamlDotNet.dll
Symbol file LoadedFromMemory doesn't match image D:\Unity\UnityProjects\Dungeon Diver\Library\PackageCache\com.unity.visualscripting@1.8.0\Editor\VisualScripting.Core\Dependencies\DotNetZip\Unity.VisualScripting.IonicZip.dll
Native extension for WindowsStandalone target not found
Native extension for WebGL target not found
Refreshing native plugins compatible for Editor in 1.22 ms, found 4 plugins.
Preloading 0 native plugins for Editor in 0.00 ms.
Mono: successfully reloaded assembly
- Completed reload, in  1.052 seconds
Domain Reload Profiling:
	ReloadAssembly (1053ms)
		BeginReloadAssembly (149ms)
			ExecutionOrderSort (0ms)
			DisableScriptedObjects (6ms)
			BackupInstance (0ms)
			ReleaseScriptingObjects (0ms)
			CreateAndSetChildDomain (44ms)
		EndReloadAssembly (807ms)
			LoadAssemblies (110ms)
			RebuildTransferFunctionScriptingTraits (0ms)
			SetupTypeCache (235ms)
			ReleaseScriptCaches (1ms)
			RebuildScriptCaches (48ms)
			SetupLoadedEditorAssemblies (377ms)
				LogAssemblyErrors (0ms)
				InitializePlatformSupportModulesInManaged (13ms)
				SetLoadedEditorAssemblies (0ms)
				RefreshPlugins (1ms)
				BeforeProcessingInitializeOnLoad (86ms)
				ProcessInitializeOnLoadAttributes (235ms)
				ProcessInitializeOnLoadMethodAttributes (38ms)
				AfterProcessingInitializeOnLoad (3ms)
				EditorAssembliesLoaded (0ms)
			ExecutionOrderSort2 (0ms)
			AwakeInstancesAfterBackupRestoration (11ms)
Platform modules already initialized, skipping
Refreshing native plugins compatible for Editor in 2.70 ms, found 4 plugins.
Preloading 0 native plugins for Editor in 0.00 ms.
Unloading 4080 Unused Serialized files (Serialized files now loaded: 0)
Unloading 31 unused Assets / (195.9 KB). Loaded Objects now: 4573.
Memory consumption went from 156.4 MB to 156.3 MB.
Total: 2.975800 ms (FindLiveObjects: 0.251500 ms CreateObjectMapping: 0.101500 ms MarkObjects: 2.489500 ms  DeleteObjects: 0.132200 ms)

AssetImportParameters requested are different than current active one (requested -> active):
  custom:video-decoder-ogg-theora: a1e56fd34408186e4bbccfd4996cb3dc -> 
  custom:container-muxer-webm: aa71ff27fc2769a1b78a27578f13a17b -> 
  custom:container-demuxer-webm: 4f35f7cbe854078d1ac9338744f61a02 -> 
  custom:video-encoder-webm-vp8: eb34c28f22e8b96e1ab97ce403110664 -> 
  custom:video-codec-MediaFoundation-h265: 746d11721c4dcdbdad8f713fa42b33f4 -> 
  custom:audio-encoder-webm-vorbis: bf7c407c2cedff20999df2af8eb42d56 -> 
  custom:framework-win-MediaFoundation: 216162199b28c13a410421893ffa2e32 -> 
  custom:container-demuxer-ogg: 62fdf1f143b41e24485cea50d1cbac27 -> 
  custom:video-decoder-webm-vp8: 9c59270c3fd7afecdb556c50c9e8de78 -> 
  custom:audio-decoder-ogg-vorbis: bf7c407c2cedff20999df2af8eb42d56 -> 
========================================================================
Received Prepare
Registering precompiled user dll's ...
Registered in 0.006748 seconds.
Begin MonoManager ReloadAssembly
Symbol file LoadedFromMemory doesn't match image D:\Unity\UnityProjects\Dungeon Diver\Library\PackageCache\com.unity.visualscripting@1.8.0\Editor\VisualScripting.Core\Dependencies\YamlDotNet\Unity.VisualScripting.YamlDotNet.dll
Symbol file LoadedFromMemory doesn't match image D:\Unity\UnityProjects\Dungeon Diver\Library\PackageCache\com.unity.visualscripting@1.8.0\Editor\VisualScripting.Core\Dependencies\DotNetZip\Unity.VisualScripting.IonicZip.dll
Native extension for WindowsStandalone target not found
Native extension for WebGL target not found
Refreshing native plugins compatible for Editor in 0.82 ms, found 4 plugins.
Preloading 0 native plugins for Editor in 0.00 ms.
Mono: successfully reloaded assembly
- Completed reload, in  0.989 seconds
Domain Reload Profiling:
	ReloadAssembly (989ms)
		BeginReloadAssembly (145ms)
			ExecutionOrderSort (0ms)
			DisableScriptedObjects (6ms)
			BackupInstance (0ms)
			ReleaseScriptingObjects (0ms)
			CreateAndSetChildDomain (39ms)
		EndReloadAssembly (743ms)
			LoadAssemblies (108ms)
			RebuildTransferFunctionScriptingTraits (0ms)
			SetupTypeCache (222ms)
			ReleaseScriptCaches (1ms)
			RebuildScriptCaches (45ms)
			SetupLoadedEditorAssemblies (340ms)
				LogAssemblyErrors (0ms)
				InitializePlatformSupportModulesInManaged (12ms)
				SetLoadedEditorAssemblies (1ms)
				RefreshPlugins (1ms)
				BeforeProcessingInitializeOnLoad (70ms)
				ProcessInitializeOnLoadAttributes (213ms)
				ProcessInitializeOnLoadMethodAttributes (40ms)
				AfterProcessingInitializeOnLoad (3ms)
				EditorAssembliesLoaded (0ms)
			ExecutionOrderSort2 (0ms)
			AwakeInstancesAfterBackupRestoration (11ms)
Platform modules already initialized, skipping
Refreshing native plugins compatible for Editor in 3.05 ms, found 4 plugins.
Preloading 0 native plugins for Editor in 0.00 ms.
Unloading 4080 Unused Serialized files (Serialized files now loaded: 0)
Unloading 31 unused Assets / (195.9 KB). Loaded Objects now: 4576.
Memory consumption went from 156.5 MB to 156.3 MB.
Total: 3.424700 ms (FindLiveObjects: 0.248100 ms CreateObjectMapping: 0.225300 ms MarkObjects: 2.768000 ms  DeleteObjects: 0.182300 ms)

AssetImportParameters requested are different than current active one (requested -> active):
  custom:video-decoder-ogg-theora: a1e56fd34408186e4bbccfd4996cb3dc -> 
  custom:container-muxer-webm: aa71ff27fc2769a1b78a27578f13a17b -> 
  custom:container-demuxer-webm: 4f35f7cbe854078d1ac9338744f61a02 -> 
  custom:video-encoder-webm-vp8: eb34c28f22e8b96e1ab97ce403110664 -> 
  custom:video-codec-MediaFoundation-h265: 746d11721c4dcdbdad8f713fa42b33f4 -> 
  custom:audio-encoder-webm-vorbis: bf7c407c2cedff20999df2af8eb42d56 -> 
  custom:framework-win-MediaFoundation: 216162199b28c13a410421893ffa2e32 -> 
  custom:container-demuxer-ogg: 62fdf1f143b41e24485cea50d1cbac27 -> 
  custom:video-decoder-webm-vp8: 9c59270c3fd7afecdb556c50c9e8de78 -> 
  custom:audio-decoder-ogg-vorbis: bf7c407c2cedff20999df2af8eb42d56 -> 
========================================================================
Received Import Request.
  Time since last request: 1061.323495 seconds.
  path: Assets/Room1.prefab
  artifactKey: Guid(291da6ce98afcdd48ac2fa6b9bd142d4) Importer(815301076,1909f56bfc062723c751e8b465ee728b)
Start importing Assets/Room1.prefab using Guid(291da6ce98afcdd48ac2fa6b9bd142d4) Importer(815301076,1909f56bfc062723c751e8b465ee728b)  -> (artifact id: '02302c2f6fa2af760b5da490bc20e8e9') in 0.628926 seconds 
========================================================================
Received Import Request.
  Time since last request: 0.000018 seconds.
  path: Assets/Room1NEW.prefab
  artifactKey: Guid(1b773ce9bd5e3fd4e82efc6159af04e2) Importer(815301076,1909f56bfc062723c751e8b465ee728b)
Start importing Assets/Room1NEW.prefab using Guid(1b773ce9bd5e3fd4e82efc6159af04e2) Importer(815301076,1909f56bfc062723c751e8b465ee728b)  -> (artifact id: '35b69fa3969c972b670bee43e0024d7f') in 0.060627 seconds 
========================================================================
Received Import Request.
  Time since last request: 97.799909 seconds.
  path: Assets/Tiles/EnvironmentDungeon/mainlevbuild_0.asset
  artifactKey: Guid(af1b2aa89fb704f4e962143fc41d118d) Importer(815301076,1909f56bfc062723c751e8b465ee728b)
Start importing Assets/Tiles/EnvironmentDungeon/mainlevbuild_0.asset using Guid(af1b2aa89fb704f4e962143fc41d118d) Importer(815301076,1909f56bfc062723c751e8b465ee728b)  -> (artifact id: '5d391fd7c42a5538790a5bde455ba471') in 0.032642 seconds 
========================================================================
Received Import Request.
  Time since last request: 0.000020 seconds.
  path: Assets/Tiles/EnvironmentDungeon/mainlevbuild_37.asset
  artifactKey: Guid(cbda3d35fa98e684288d944ab0b9b13c) Importer(815301076,1909f56bfc062723c751e8b465ee728b)
Start importing Assets/Tiles/EnvironmentDungeon/mainlevbuild_37.asset using Guid(cbda3d35fa98e684288d944ab0b9b13c) Importer(815301076,1909f56bfc062723c751e8b465ee728b)  -> (artifact id: 'ce1b3d22bec1e817d45d161cafa4476d') in 0.013891 seconds 
========================================================================
Received Import Request.
  Time since last request: 0.000020 seconds.
  path: Assets/Tiles/EnvironmentDungeon/mainlevbuild_34.asset
  artifactKey: Guid(fc9c17f682dd37c479cc2132e877f48c) Importer(815301076,1909f56bfc062723c751e8b465ee728b)
Start importing Assets/Tiles/EnvironmentDungeon/mainlevbuild_34.asset using Guid(fc9c17f682dd37c479cc2132e877f48c) Importer(815301076,1909f56bfc062723c751e8b465ee728b)  -> (artifact id: 'd9636d1a2cfa7c5c1636bc65e195b212') in 0.018089 seconds 
========================================================================
Received Import Request.
  Time since last request: 0.000014 seconds.
  path: Assets/Tiles/EnvironmentDungeon/mainlevbuild_21.asset
  artifactKey: Guid(ccdf2053291ea1248a964ca7598e5616) Importer(815301076,1909f56bfc062723c751e8b465ee728b)
Start importing Assets/Tiles/EnvironmentDungeon/mainlevbuild_21.asset using Guid(ccdf2053291ea1248a964ca7598e5616) Importer(815301076,1909f56bfc062723c751e8b465ee728b)  -> (artifact id: 'a43e03470e40f04366bc92f3702f7308') in 0.013917 seconds 
========================================================================
Received Import Request.
  Time since last request: 0.000019 seconds.
  path: Assets/Tiles/EnvironmentDungeon/mainlevbuild_40.asset
  artifactKey: Guid(1850c548c07181e4fa29d8fabd5f076d) Importer(815301076,1909f56bfc062723c751e8b465ee728b)
Start importing Assets/Tiles/EnvironmentDungeon/mainlevbuild_40.asset using Guid(1850c548c07181e4fa29d8fabd5f076d) Importer(815301076,1909f56bfc062723c751e8b465ee728b)  -> (artifact id: '2d62d3509f91d3dae508397581c8ef26') in 0.014179 seconds 
========================================================================
Received Import Request.
  Time since last request: 0.000026 seconds.
  path: Assets/Tiles/EnvironmentDungeon/mainlevbuild_41.asset
  artifactKey: Guid(314d07f3fd271724ab74aecdff24fd61) Importer(815301076,1909f56bfc062723c751e8b465ee728b)
Start importing Assets/Tiles/EnvironmentDungeon/mainlevbuild_41.asset using Guid(314d07f3fd271724ab74aecdff24fd61) Importer(815301076,1909f56bfc062723c751e8b465ee728b)  -> (artifact id: 'b0cfe43bb0464a3045422e61f12f2b59') in 0.015983 seconds 
========================================================================
Received Import Request.
  Time since last request: 0.000015 seconds.
  path: Assets/Tiles/EnvironmentDungeon/mainlevbuild_46.asset
  artifactKey: Guid(da27f0614d5789944a6ea4ef5b0190ff) Importer(815301076,1909f56bfc062723c751e8b465ee728b)
Start importing Assets/Tiles/EnvironmentDungeon/mainlevbuild_46.asset using Guid(da27f0614d5789944a6ea4ef5b0190ff) Importer(815301076,1909f56bfc062723c751e8b465ee728b)  -> (artifact id: '153982cdc82c366ccbd8c5644c94b8a2') in 0.012205 seconds 
========================================================================
Received Import Request.
  Time since last request: 0.000017 seconds.
  path: Assets/Tiles/EnvironmentDungeon/mainlevbuild_60.asset
  artifactKey: Guid(fc91916b7ae47004288a7685efe7bcdc) Importer(815301076,1909f56bfc062723c751e8b465ee728b)
Start importing Assets/Tiles/EnvironmentDungeon/mainlevbuild_60.asset using Guid(fc91916b7ae47004288a7685efe7bcdc) Importer(815301076,1909f56bfc062723c751e8b465ee728b)  -> (artifact id: 'd35ef5e007624713e49b0393041d95b1') in 0.012818 seconds 
========================================================================
Received Import Request.
  Time since last request: 0.000017 seconds.
  path: Assets/Tiles/EnvironmentDungeon/mainlevbuild_62.asset
  artifactKey: Guid(e3196bd09694b4c4b964ad7518c0e32d) Importer(815301076,1909f56bfc062723c751e8b465ee728b)
Start importing Assets/Tiles/EnvironmentDungeon/mainlevbuild_62.asset using Guid(e3196bd09694b4c4b964ad7518c0e32d) Importer(815301076,1909f56bfc062723c751e8b465ee728b)  -> (artifact id: '143a3dc4d92d4ac45a148042ca611875') in 0.009695 seconds 
========================================================================
Received Import Request.
  Time since last request: 0.000017 seconds.
  path: Assets/Tiles/EnvironmentDungeon/mainlevbuild_29.asset
  artifactKey: Guid(b9364e8ce8e4e37418626fe6661aab05) Importer(815301076,1909f56bfc062723c751e8b465ee728b)
Start importing Assets/Tiles/EnvironmentDungeon/mainlevbuild_29.asset using Guid(b9364e8ce8e4e37418626fe6661aab05) Importer(815301076,1909f56bfc062723c751e8b465ee728b)  -> (artifact id: '5721bdbf83828778fa2825f45734d5c9') in 0.010438 seconds 
========================================================================
Received Import Request.
  Time since last request: 0.000014 seconds.
  path: Assets/Tiles/EnvironmentDungeon/mainlevbuild_39.asset
  artifactKey: Guid(cb84b551eb9ce244aa6c3a4ae2f83bd0) Importer(815301076,1909f56bfc062723c751e8b465ee728b)
Start importing Assets/Tiles/EnvironmentDungeon/mainlevbuild_39.asset using Guid(cb84b551eb9ce244aa6c3a4ae2f83bd0) Importer(815301076,1909f56bfc062723c751e8b465ee728b)  -> (artifact id: 'd0b2ca626700d858849f7f7803f1b953') in 0.008527 seconds 
========================================================================
Received Import Request.
  Time since last request: 0.000016 seconds.
  path: Assets/Tiles/EnvironmentDungeon/mainlevbuild_47.asset
  artifactKey: Guid(a98c112cae7544e4dbdf8fe0e8162018) Importer(815301076,1909f56bfc062723c751e8b465ee728b)
Start importing Assets/Tiles/EnvironmentDungeon/mainlevbuild_47.asset using Guid(a98c112cae7544e4dbdf8fe0e8162018) Importer(815301076,1909f56bfc062723c751e8b465ee728b)  -> (artifact id: '6c9b36676dbc2103852bfff0392fad67') in 0.010094 seconds 
========================================================================
Received Import Request.
  Time since last request: 0.000013 seconds.
  path: Assets/Tiles/EnvironmentDungeon/mainlevbuild_33.asset
  artifactKey: Guid(3f40b8a4dec12d747ab33f47f4cc3573) Importer(815301076,1909f56bfc062723c751e8b465ee728b)
Start importing Assets/Tiles/EnvironmentDungeon/mainlevbuild_33.asset using Guid(3f40b8a4dec12d747ab33f47f4cc3573) Importer(815301076,1909f56bfc062723c751e8b465ee728b)  -> (artifact id: 'bce7e639cf3825fd96e4eb5e3a26936f') in 0.009142 seconds 
========================================================================
Received Import Request.
  Time since last request: 0.000019 seconds.
  path: Assets/Tiles/EnvironmentDungeon/mainlevbuild_11.asset
  artifactKey: Guid(276cd02e21a44564495e80e8ac19bd23) Importer(815301076,1909f56bfc062723c751e8b465ee728b)
Start importing Assets/Tiles/EnvironmentDungeon/mainlevbuild_11.asset using Guid(276cd02e21a44564495e80e8ac19bd23) Importer(815301076,1909f56bfc062723c751e8b465ee728b)  -> (artifact id: '3dd8aa0567dc2aeebdd186ed4249d8d2') in 0.010485 seconds 
========================================================================
Received Import Request.
  Time since last request: 0.000014 seconds.
  path: Assets/Tiles/EnvironmentDungeon/mainlevbuild_24.asset
  artifactKey: Guid(2bfe1d29de4c30241b1c4413944618a9) Importer(815301076,1909f56bfc062723c751e8b465ee728b)
Start importing Assets/Tiles/EnvironmentDungeon/mainlevbuild_24.asset using Guid(2bfe1d29de4c30241b1c4413944618a9) Importer(815301076,1909f56bfc062723c751e8b465ee728b)  -> (artifact id: 'd4a4aa57c255c07da51e371659c2991f') in 0.009921 seconds 
========================================================================
Received Import Request.
  Time since last request: 0.000013 seconds.
  path: Assets/Tiles/EnvironmentDungeon/mainlevbuild_45.asset
  artifactKey: Guid(2b35ccc5f1e95044781c1c1faa8a9155) Importer(815301076,1909f56bfc062723c751e8b465ee728b)
Start importing Assets/Tiles/EnvironmentDungeon/mainlevbuild_45.asset using Guid(2b35ccc5f1e95044781c1c1faa8a9155) Importer(815301076,1909f56bfc062723c751e8b465ee728b)  -> (artifact id: '89c6a0718c1a0e77267db30fdb8ad2a5') in 0.008731 seconds 
========================================================================
Received Import Request.
  Time since last request: 0.000017 seconds.
  path: Assets/Tiles/EnvironmentDungeon/mainlevbuild_54.asset
  artifactKey: Guid(61a1cec412af6e54a890cd521447a0b6) Importer(815301076,1909f56bfc062723c751e8b465ee728b)
Start importing Assets/Tiles/EnvironmentDungeon/mainlevbuild_54.asset using Guid(61a1cec412af6e54a890cd521447a0b6) Importer(815301076,1909f56bfc062723c751e8b465ee728b)  -> (artifact id: '775410396ccbdeee7e537c4b7a881ea8') in 0.009353 seconds 
========================================================================
Received Import Request.
  Time since last request: 0.000027 seconds.
  path: Assets/Tiles/EnvironmentDungeon/mainlevbuild_53.asset
  artifactKey: Guid(33922ecbafd9abd4b910b0ef54c2ea8f) Importer(815301076,1909f56bfc062723c751e8b465ee728b)
Start importing Assets/Tiles/EnvironmentDungeon/mainlevbuild_53.asset using Guid(33922ecbafd9abd4b910b0ef54c2ea8f) Importer(815301076,1909f56bfc062723c751e8b465ee728b)  -> (artifact id: '57cd4d06e04b4defd1dc6b65a8fb892b') in 0.010650 seconds 
========================================================================
Received Import Request.
  Time since last request: 0.000021 seconds.
  path: Assets/Tiles/EnvironmentDungeon/mainlevbuild_49.asset
  artifactKey: Guid(d2bd26be7a606e04b94c75fc25e2ae38) Importer(815301076,1909f56bfc062723c751e8b465ee728b)
Start importing Assets/Tiles/EnvironmentDungeon/mainlevbuild_49.asset using Guid(d2bd26be7a606e04b94c75fc25e2ae38) Importer(815301076,1909f56bfc062723c751e8b465ee728b)  -> (artifact id: '92b35d0c4a82e52d3f8716874fcdfcbc') in 0.011503 seconds 
========================================================================
Received Import Request.
  Time since last request: 0.000022 seconds.
  path: Assets/Tiles/EnvironmentDungeon/mainlevbuild_16.asset
  artifactKey: Guid(67011f6824fff4d4090cbce9c47b98d8) Importer(815301076,1909f56bfc062723c751e8b465ee728b)
Start importing Assets/Tiles/EnvironmentDungeon/mainlevbuild_16.asset using Guid(67011f6824fff4d4090cbce9c47b98d8) Importer(815301076,1909f56bfc062723c751e8b465ee728b)  -> (artifact id: '6e634989de04fcfa1491cbc831286c22') in 0.010202 seconds 
========================================================================
Received Import Request.
  Time since last request: 0.000015 seconds.
  path: Assets/Tiles/EnvironmentDungeon/mainlevbuild_50.asset
  artifactKey: Guid(fc4bcbae3baa75149b49a4257c09f93c) Importer(815301076,1909f56bfc062723c751e8b465ee728b)
Start importing Assets/Tiles/EnvironmentDungeon/mainlevbuild_50.asset using Guid(fc4bcbae3baa75149b49a4257c09f93c) Importer(815301076,1909f56bfc062723c751e8b465ee728b)  -> (artifact id: '86efea54d627bb097042624fbe9e165c') in 0.011558 seconds 
========================================================================
Received Import Request.
  Time since last request: 0.000018 seconds.
  path: Assets/Tiles/EnvironmentDungeon/mainlevbuild_6.asset
  artifactKey: Guid(2ba5f70bc21e1884ebd679e13163ed11) Importer(815301076,1909f56bfc062723c751e8b465ee728b)
Start importing Assets/Tiles/EnvironmentDungeon/mainlevbuild_6.asset using Guid(2ba5f70bc21e1884ebd679e13163ed11) Importer(815301076,1909f56bfc062723c751e8b465ee728b)  -> (artifact id: '176c7c9d56a5b9e749157528b392370d') in 0.010941 seconds 
========================================================================
Received Import Request.
  Time since last request: 0.000016 seconds.
  path: Assets/Tiles/EnvironmentDungeon/mainlevbuild_12.asset
  artifactKey: Guid(b9bebfeca4d322d49bdc45727ca4ad38) Importer(815301076,1909f56bfc062723c751e8b465ee728b)
Start importing Assets/Tiles/EnvironmentDungeon/mainlevbuild_12.asset using Guid(b9bebfeca4d322d49bdc45727ca4ad38) Importer(815301076,1909f56bfc062723c751e8b465ee728b)  -> (artifact id: '20f085e1073d098ed0e98495228e7b06') in 0.010182 seconds 
========================================================================
Received Import Request.
  Time since last request: 0.000019 seconds.
  path: Assets/Tiles/EnvironmentDungeon/mainlevbuild_26.asset
  artifactKey: Guid(4a21964ecc6e44549b4dc576b95d71d9) Importer(815301076,1909f56bfc062723c751e8b465ee728b)
Start importing Assets/Tiles/EnvironmentDungeon/mainlevbuild_26.asset using Guid(4a21964ecc6e44549b4dc576b95d71d9) Importer(815301076,1909f56bfc062723c751e8b465ee728b)  -> (artifact id: '48f7f473659160981be400023105ce86') in 0.009215 seconds 
========================================================================
Received Import Request.
  Time since last request: 0.000015 seconds.
  path: Assets/Tiles/EnvironmentDungeon/mainlevbuild_25.asset
  artifactKey: Guid(ad790403ebe5b2e4f80f98ee6770c932) Importer(815301076,1909f56bfc062723c751e8b465ee728b)
Start importing Assets/Tiles/EnvironmentDungeon/mainlevbuild_25.asset using Guid(ad790403ebe5b2e4f80f98ee6770c932) Importer(815301076,1909f56bfc062723c751e8b465ee728b)  -> (artifact id: '3a45023527d7d82f6356620f8d87bbef') in 0.010429 seconds 
========================================================================
Received Import Request.
  Time since last request: 0.000021 seconds.
  path: Assets/Tiles/EnvironmentDungeon/mainlevbuild_61.asset
  artifactKey: Guid(8af850c3fb5746f469bdf7d367ff81aa) Importer(815301076,1909f56bfc062723c751e8b465ee728b)
Start importing Assets/Tiles/EnvironmentDungeon/mainlevbuild_61.asset using Guid(8af850c3fb5746f469bdf7d367ff81aa) Importer(815301076,1909f56bfc062723c751e8b465ee728b)  -> (artifact id: '76a203cb2848ca89a2de45da9ac01470') in 0.009535 seconds 
========================================================================
Received Import Request.
  Time since last request: 0.000016 seconds.
  path: Assets/Tiles/EnvironmentDungeon/mainlevbuild_4.asset
  artifactKey: Guid(cb1f8931d7156a24ab8e10b7fe2a2523) Importer(815301076,1909f56bfc062723c751e8b465ee728b)
Start importing Assets/Tiles/EnvironmentDungeon/mainlevbuild_4.asset using Guid(cb1f8931d7156a24ab8e10b7fe2a2523) Importer(815301076,1909f56bfc062723c751e8b465ee728b)  -> (artifact id: '4361a3c5f6543993e970fd7393aba1ae') in 0.009188 seconds 
========================================================================
Received Import Request.
  Time since last request: 0.000015 seconds.
  path: Assets/Tiles/EnvironmentDungeon/mainlevbuild_42.asset
  artifactKey: Guid(86469c7cda509f74f86ebfc9800855ed) Importer(815301076,1909f56bfc062723c751e8b465ee728b)
Start importing Assets/Tiles/EnvironmentDungeon/mainlevbuild_42.asset using Guid(86469c7cda509f74f86ebfc9800855ed) Importer(815301076,1909f56bfc062723c751e8b465ee728b)  -> (artifact id: 'e3e96bfd2473a60ed777b25aa88499ab') in 0.010003 seconds 
========================================================================
Received Import Request.
  Time since last request: 0.000015 seconds.
  path: Assets/Tiles/EnvironmentDungeon/mainlevbuild_58.asset
  artifactKey: Guid(589772702053a8342aa7d84c8104687c) Importer(815301076,1909f56bfc062723c751e8b465ee728b)
Start importing Assets/Tiles/EnvironmentDungeon/mainlevbuild_58.asset using Guid(589772702053a8342aa7d84c8104687c) Importer(815301076,1909f56bfc062723c751e8b465ee728b)  -> (artifact id: 'd47a5039e0d36873225a5c7b602da43d') in 0.011014 seconds 
========================================================================
Received Import Request.
  Time since last request: 0.000023 seconds.
  path: Assets/Tiles/EnvironmentDungeon/mainlevbuild_31.asset
  artifactKey: Guid(35f9f425dad49fe488a47ec5d2994beb) Importer(815301076,1909f56bfc062723c751e8b465ee728b)
Start importing Assets/Tiles/EnvironmentDungeon/mainlevbuild_31.asset using Guid(35f9f425dad49fe488a47ec5d2994beb) Importer(815301076,1909f56bfc062723c751e8b465ee728b)  -> (artifact id: '8482262923fb6e9a66d0d245ebb68592') in 0.009780 seconds 
========================================================================
Received Import Request.
  Time since last request: 0.000017 seconds.
  path: Assets/Tiles/EnvironmentDungeon/mainlevbuild_48.asset
  artifactKey: Guid(b6132cb0a5967974a9cc924face1f921) Importer(815301076,1909f56bfc062723c751e8b465ee728b)
Start importing Assets/Tiles/EnvironmentDungeon/mainlevbuild_48.asset using Guid(b6132cb0a5967974a9cc924face1f921) Importer(815301076,1909f56bfc062723c751e8b465ee728b)  -> (artifact id: 'a2c7c688a2c68936665cdf1549058730') in 0.009683 seconds 
========================================================================
Received Import Request.
  Time since last request: 0.000017 seconds.
  path: Assets/Tiles/EnvironmentDungeon/mainlevbuild_9.asset
  artifactKey: Guid(501176a395ecfff4d8392cddada78361) Importer(815301076,1909f56bfc062723c751e8b465ee728b)
Start importing Assets/Tiles/EnvironmentDungeon/mainlevbuild_9.asset using Guid(501176a395ecfff4d8392cddada78361) Importer(815301076,1909f56bfc062723c751e8b465ee728b)  -> (artifact id: 'f7f6692d4864c131b8def09019326bc8') in 0.009385 seconds 
========================================================================
Received Import Request.
  Time since last request: 0.000015 seconds.
  path: Assets/Tiles/EnvironmentDungeon/mainlevbuild_13.asset
  artifactKey: Guid(4d9176baa2bd81a44ba2618db50a6110) Importer(815301076,1909f56bfc062723c751e8b465ee728b)
Start importing Assets/Tiles/EnvironmentDungeon/mainlevbuild_13.asset using Guid(4d9176baa2bd81a44ba2618db50a6110) Importer(815301076,1909f56bfc062723c751e8b465ee728b)  -> (artifact id: '77da27dfb2ed5d78ae821a57360803e7') in 0.010599 seconds 
========================================================================
Received Import Request.
  Time since last request: 0.000019 seconds.
  path: Assets/Tiles/EnvironmentDungeon/mainlevbuild_1.asset
  artifactKey: Guid(8029723642b585d458826d8f173aa625) Importer(815301076,1909f56bfc062723c751e8b465ee728b)
Start importing Assets/Tiles/EnvironmentDungeon/mainlevbuild_1.asset using Guid(8029723642b585d458826d8f173aa625) Importer(815301076,1909f56bfc062723c751e8b465ee728b)  -> (artifact id: '0c49c4d51c6d5a4081399ed23560a6dd') in 0.011850 seconds 
========================================================================
Received Import Request.
  Time since last request: 0.000023 seconds.
  path: Assets/Tiles/EnvironmentDungeon/mainlevbuild_10.asset
  artifactKey: Guid(af8a529f2a6c77a44ac89fe9dd49c1f8) Importer(815301076,1909f56bfc062723c751e8b465ee728b)
Start importing Assets/Tiles/EnvironmentDungeon/mainlevbuild_10.asset using Guid(af8a529f2a6c77a44ac89fe9dd49c1f8) Importer(815301076,1909f56bfc062723c751e8b465ee728b)  -> (artifact id: 'bed277c006ad9ee1c584e8d0a9dda183') in 0.009989 seconds 
========================================================================
Received Import Request.
  Time since last request: 0.000018 seconds.
  path: Assets/Tiles/EnvironmentDungeon/mainlevbuild_2.asset
  artifactKey: Guid(2f75a822f4bf0c547a5b777284a95693) Importer(815301076,1909f56bfc062723c751e8b465ee728b)
Start importing Assets/Tiles/EnvironmentDungeon/mainlevbuild_2.asset using Guid(2f75a822f4bf0c547a5b777284a95693) Importer(815301076,1909f56bfc062723c751e8b465ee728b)  -> (artifact id: 'e60b2608c20912c9caf868e1889b4999') in 0.009971 seconds 
========================================================================
Received Import Request.
  Time since last request: 0.000019 seconds.
  path: Assets/Tiles/EnvironmentDungeon/mainlevbuild_56.asset
  artifactKey: Guid(c64158b69da5ed24fb43a095a084ad8c) Importer(815301076,1909f56bfc062723c751e8b465ee728b)
Start importing Assets/Tiles/EnvironmentDungeon/mainlevbuild_56.asset using Guid(c64158b69da5ed24fb43a095a084ad8c) Importer(815301076,1909f56bfc062723c751e8b465ee728b)  -> (artifact id: '8e64c18fbd3e3ab5fff45d8c354619fe') in 0.012808 seconds 
========================================================================
Received Import Request.
  Time since last request: 0.000019 seconds.
  path: Assets/Tiles/EnvironmentDungeon/mainlevbuild_27.asset
  artifactKey: Guid(0a861534722ed004392a9b8033a236fc) Importer(815301076,1909f56bfc062723c751e8b465ee728b)
Start importing Assets/Tiles/EnvironmentDungeon/mainlevbuild_27.asset using Guid(0a861534722ed004392a9b8033a236fc) Importer(815301076,1909f56bfc062723c751e8b465ee728b)  -> (artifact id: '110d95e7c7cf0e9b2ed9f0e35673bb1c') in 0.010408 seconds 
========================================================================
Received Import Request.
  Time since last request: 0.000018 seconds.
  path: Assets/Tiles/EnvironmentDungeon/mainlevbuild_15.asset
  artifactKey: Guid(5b727997c8330c240b463df1d0782e33) Importer(815301076,1909f56bfc062723c751e8b465ee728b)
Start importing Assets/Tiles/EnvironmentDungeon/mainlevbuild_15.asset using Guid(5b727997c8330c240b463df1d0782e33) Importer(815301076,1909f56bfc062723c751e8b465ee728b)  -> (artifact id: '307149f750def8f8a74078c7786c5caa') in 0.008929 seconds 
========================================================================
Received Import Request.
  Time since last request: 0.000015 seconds.
  path: Assets/Tiles/EnvironmentDungeon/mainlevbuild_14.asset
  artifactKey: Guid(50bddcadb7c4f074aaf736b80b4fe39c) Importer(815301076,1909f56bfc062723c751e8b465ee728b)
Start importing Assets/Tiles/EnvironmentDungeon/mainlevbuild_14.asset using Guid(50bddcadb7c4f074aaf736b80b4fe39c) Importer(815301076,1909f56bfc062723c751e8b465ee728b)  -> (artifact id: '90dffa761d25bee63925b8c12bf86d58') in 0.009182 seconds 
========================================================================
Received Import Request.
  Time since last request: 0.000016 seconds.
  path: Assets/Tiles/EnvironmentDungeon/mainlevbuild_23.asset
  artifactKey: Guid(07069f28ee424484fa6218da35c65012) Importer(815301076,1909f56bfc062723c751e8b465ee728b)
Start importing Assets/Tiles/EnvironmentDungeon/mainlevbuild_23.asset using Guid(07069f28ee424484fa6218da35c65012) Importer(815301076,1909f56bfc062723c751e8b465ee728b)  -> (artifact id: '7da3bfd6a302f785b84765e71b0c769b') in 0.011577 seconds 
========================================================================
Received Import Request.
  Time since last request: 0.000015 seconds.
  path: Assets/Tiles/EnvironmentDungeon/mainlevbuild_63.asset
  artifactKey: Guid(7eac4f6b67e408d45ba9b63bf8038e17) Importer(815301076,1909f56bfc062723c751e8b465ee728b)
Start importing Assets/Tiles/EnvironmentDungeon/mainlevbuild_63.asset using Guid(7eac4f6b67e408d45ba9b63bf8038e17) Importer(815301076,1909f56bfc062723c751e8b465ee728b)  -> (artifact id: 'ca64c2b3f40cbec92de97f54c20baa62') in 0.010300 seconds 
========================================================================
Received Import Request.
  Time since last request: 0.000016 seconds.
  path: Assets/Tiles/EnvironmentDungeon/mainlevbuild_44.asset
  artifactKey: Guid(1ad2e138b9d8c3048ac0e3d2db0730fd) Importer(815301076,1909f56bfc062723c751e8b465ee728b)
Start importing Assets/Tiles/EnvironmentDungeon/mainlevbuild_44.asset using Guid(1ad2e138b9d8c3048ac0e3d2db0730fd) Importer(815301076,1909f56bfc062723c751e8b465ee728b)  -> (artifact id: 'ddd867a157d284cd29bfe849f4ef6106') in 0.009502 seconds 
========================================================================
Received Import Request.
  Time since last request: 0.000015 seconds.
  path: Assets/Tiles/EnvironmentDungeon/mainlevbuild_36.asset
  artifactKey: Guid(6a681bf6abe23af48963925c71ef5d95) Importer(815301076,1909f56bfc062723c751e8b465ee728b)
Start importing Assets/Tiles/EnvironmentDungeon/mainlevbuild_36.asset using Guid(6a681bf6abe23af48963925c71ef5d95) Importer(815301076,1909f56bfc062723c751e8b465ee728b)  -> (artifact id: '56f11c2be720c2eaecefa9af6e1132e8') in 0.009128 seconds 
========================================================================
Received Import Request.
  Time since last request: 0.000017 seconds.
  path: Assets/Tiles/EnvironmentDungeon/mainlevbuild_43.asset
  artifactKey: Guid(bf1b37fbdf006b540a7295819f03c8c2) Importer(815301076,1909f56bfc062723c751e8b465ee728b)
Start importing Assets/Tiles/EnvironmentDungeon/mainlevbuild_43.asset using Guid(bf1b37fbdf006b540a7295819f03c8c2) Importer(815301076,1909f56bfc062723c751e8b465ee728b)  -> (artifact id: '7acbaea00a659a6132baf9f1257ffc29') in 0.010280 seconds 
========================================================================
Received Import Request.
  Time since last request: 0.000018 seconds.
  path: Assets/Tiles/EnvironmentDungeon/mainlevbuild_35.asset
  artifactKey: Guid(07552abd1d53b4c458a94e6f0334bc5e) Importer(815301076,1909f56bfc062723c751e8b465ee728b)
Start importing Assets/Tiles/EnvironmentDungeon/mainlevbuild_35.asset using Guid(07552abd1d53b4c458a94e6f0334bc5e) Importer(815301076,1909f56bfc062723c751e8b465ee728b)  -> (artifact id: 'ad734a082e0891bf91b85f3732a1f17a') in 0.009287 seconds 
========================================================================
Received Import Request.
  Time since last request: 0.000015 seconds.
  path: Assets/Tiles/EnvironmentDungeon/mainlevbuild_20.asset
  artifactKey: Guid(d73e68d5012426b498c7ceb841771973) Importer(815301076,1909f56bfc062723c751e8b465ee728b)
Start importing Assets/Tiles/EnvironmentDungeon/mainlevbuild_20.asset using Guid(d73e68d5012426b498c7ceb841771973) Importer(815301076,1909f56bfc062723c751e8b465ee728b)  -> (artifact id: '034f2bd492639c98e059f6d6e0c338ae') in 0.009918 seconds 
========================================================================
Received Import Request.
  Time since last request: 0.000019 seconds.
  path: Assets/Tiles/EnvironmentDungeon/mainlevbuild_30.asset
  artifactKey: Guid(d4013a19d0be7cc46b665dcff9b85f74) Importer(815301076,1909f56bfc062723c751e8b465ee728b)
Start importing Assets/Tiles/EnvironmentDungeon/mainlevbuild_30.asset using Guid(d4013a19d0be7cc46b665dcff9b85f74) Importer(815301076,1909f56bfc062723c751e8b465ee728b)  -> (artifact id: '11494647e88ba3a7308d02b013aca063') in 0.009487 seconds 
========================================================================
Received Import Request.
  Time since last request: 0.000031 seconds.
  path: Assets/Tiles/EnvironmentDungeon/mainlevbuild_8.asset
  artifactKey: Guid(759a66022f4bea64bba59f44daf788a7) Importer(815301076,1909f56bfc062723c751e8b465ee728b)
Start importing Assets/Tiles/EnvironmentDungeon/mainlevbuild_8.asset using Guid(759a66022f4bea64bba59f44daf788a7) Importer(815301076,1909f56bfc062723c751e8b465ee728b)  -> (artifact id: 'd732054771febc8c0362488d331c971d') in 0.009899 seconds 
========================================================================
Received Import Request.
  Time since last request: 0.000015 seconds.
  path: Assets/Tiles/EnvironmentDungeon/mainlevbuild_18.asset
  artifactKey: Guid(bf88bb8ebe08cd74e9c91db472ab50c5) Importer(815301076,1909f56bfc062723c751e8b465ee728b)
Start importing Assets/Tiles/EnvironmentDungeon/mainlevbuild_18.asset using Guid(bf88bb8ebe08cd74e9c91db472ab50c5) Importer(815301076,1909f56bfc062723c751e8b465ee728b)  -> (artifact id: 'f0ced2ea0de5dc65033a08b8fffa11b6') in 0.009446 seconds 
========================================================================
Received Import Request.
  Time since last request: 0.000015 seconds.
  path: Assets/Tiles/EnvironmentDungeon/mainlevbuild_51.asset
  artifactKey: Guid(30f26e2ace0a7c54cb64ee8079fdeaa8) Importer(815301076,1909f56bfc062723c751e8b465ee728b)
Start importing Assets/Tiles/EnvironmentDungeon/mainlevbuild_51.asset using Guid(30f26e2ace0a7c54cb64ee8079fdeaa8) Importer(815301076,1909f56bfc062723c751e8b465ee728b)  -> (artifact id: '447d361792e6ed47f903d44749f4b96a') in 0.009591 seconds 
========================================================================
Received Import Request.
  Time since last request: 0.000015 seconds.
  path: Assets/Tiles/EnvironmentDungeon/mainlevbuild_17.asset
  artifactKey: Guid(80dab48e1ee90664b8950b1645a36e12) Importer(815301076,1909f56bfc062723c751e8b465ee728b)
Start importing Assets/Tiles/EnvironmentDungeon/mainlevbuild_17.asset using Guid(80dab48e1ee90664b8950b1645a36e12) Importer(815301076,1909f56bfc062723c751e8b465ee728b)  -> (artifact id: '77386b20bb2829847078bfe036960359') in 0.009536 seconds 
========================================================================
Received Import Request.
  Time since last request: 0.000036 seconds.
  path: Assets/Tiles/EnvironmentDungeon/mainlevbuild_19.asset
  artifactKey: Guid(c132b5975b6efdf419d6ecebec0b05ca) Importer(815301076,1909f56bfc062723c751e8b465ee728b)
Start importing Assets/Tiles/EnvironmentDungeon/mainlevbuild_19.asset using Guid(c132b5975b6efdf419d6ecebec0b05ca) Importer(815301076,1909f56bfc062723c751e8b465ee728b)  -> (artifact id: '7e884f116a4e7543a1af865ecdad73d9') in 0.012274 seconds 
========================================================================
Received Import Request.
  Time since last request: 0.000020 seconds.
  path: Assets/Tiles/EnvironmentDungeon/mainlevbuild_57.asset
  artifactKey: Guid(a8a2a62beb82ba44ba194df5a2e14c11) Importer(815301076,1909f56bfc062723c751e8b465ee728b)
Start importing Assets/Tiles/EnvironmentDungeon/mainlevbuild_57.asset using Guid(a8a2a62beb82ba44ba194df5a2e14c11) Importer(815301076,1909f56bfc062723c751e8b465ee728b)  -> (artifact id: 'bf03e34792dc197de579b5c6dc60f01a') in 0.009239 seconds 
========================================================================
Received Import Request.
  Time since last request: 0.000014 seconds.
  path: Assets/Tiles/EnvironmentDungeon/mainlevbuild_59.asset
  artifactKey: Guid(d477784b5349a414f8503c8e55cf4253) Importer(815301076,1909f56bfc062723c751e8b465ee728b)
Start importing Assets/Tiles/EnvironmentDungeon/mainlevbuild_59.asset using Guid(d477784b5349a414f8503c8e55cf4253) Importer(815301076,1909f56bfc062723c751e8b465ee728b)  -> (artifact id: 'f59b7555e00990e7d4644e091b352134') in 0.010566 seconds 
========================================================================
Received Import Request.
  Time since last request: 0.000015 seconds.
  path: Assets/Tiles/EnvironmentDungeon/mainlevbuild_3.asset
  artifactKey: Guid(5b202b61dce0d1145bd123ca69afbb61) Importer(815301076,1909f56bfc062723c751e8b465ee728b)
Start importing Assets/Tiles/EnvironmentDungeon/mainlevbuild_3.asset using Guid(5b202b61dce0d1145bd123ca69afbb61) Importer(815301076,1909f56bfc062723c751e8b465ee728b)  -> (artifact id: '0b671b28789f084c9f275f940f76b67e') in 0.009913 seconds 
========================================================================
Received Import Request.
  Time since last request: 0.000016 seconds.
  path: Assets/Tiles/EnvironmentDungeon/mainlevbuild_22.asset
  artifactKey: Guid(e75aaf9cb3a6a024ea5db566943d614b) Importer(815301076,1909f56bfc062723c751e8b465ee728b)
Start importing Assets/Tiles/EnvironmentDungeon/mainlevbuild_22.asset using Guid(e75aaf9cb3a6a024ea5db566943d614b) Importer(815301076,1909f56bfc062723c751e8b465ee728b)  -> (artifact id: 'cd407b40a97154d21ffe8564ae0c33dc') in 0.010454 seconds 
========================================================================
Received Import Request.
  Time since last request: 0.000015 seconds.
  path: Assets/Tiles/EnvironmentDungeon/mainlevbuild_32.asset
  artifactKey: Guid(b3c3b5d07d833004e9e5c32ba504edf1) Importer(815301076,1909f56bfc062723c751e8b465ee728b)
Start importing Assets/Tiles/EnvironmentDungeon/mainlevbuild_32.asset using Guid(b3c3b5d07d833004e9e5c32ba504edf1) Importer(815301076,1909f56bfc062723c751e8b465ee728b)  -> (artifact id: '45cbb93db850d963b66a84bb8d15e726') in 0.010523 seconds 
========================================================================
Received Import Request.
  Time since last request: 0.000017 seconds.
  path: Assets/Tiles/EnvironmentDungeon/mainlevbuild_28.asset
  artifactKey: Guid(20cbcbe699533684485359bea466030b) Importer(815301076,1909f56bfc062723c751e8b465ee728b)
Start importing Assets/Tiles/EnvironmentDungeon/mainlevbuild_28.asset using Guid(20cbcbe699533684485359bea466030b) Importer(815301076,1909f56bfc062723c751e8b465ee728b)  -> (artifact id: 'ada241f27bc9417746eed6c5038e7518') in 0.010339 seconds 
========================================================================
Received Import Request.
  Time since last request: 0.000015 seconds.
  path: Assets/Tiles/EnvironmentDungeon/mainlevbuild_55.asset
  artifactKey: Guid(9e9f2b403227dd94eb71d969060841d1) Importer(815301076,1909f56bfc062723c751e8b465ee728b)
Start importing Assets/Tiles/EnvironmentDungeon/mainlevbuild_55.asset using Guid(9e9f2b403227dd94eb71d969060841d1) Importer(815301076,1909f56bfc062723c751e8b465ee728b)  -> (artifact id: '3373444b727b5ecde05f820880652ebc') in 0.010332 seconds 
========================================================================
Received Import Request.
  Time since last request: 0.000018 seconds.
  path: Assets/Tiles/EnvironmentDungeon/mainlevbuild_5.asset
  artifactKey: Guid(a643fc8f6909f0e47a5db85850bfca81) Importer(815301076,1909f56bfc062723c751e8b465ee728b)
Start importing Assets/Tiles/EnvironmentDungeon/mainlevbuild_5.asset using Guid(a643fc8f6909f0e47a5db85850bfca81) Importer(815301076,1909f56bfc062723c751e8b465ee728b)  -> (artifact id: 'de24cc4d8f3de5632cecc788511601a8') in 0.010869 seconds 
========================================================================
Received Import Request.
  Time since last request: 0.000015 seconds.
  path: Assets/Tiles/EnvironmentDungeon/mainlevbuild_38.asset
  artifactKey: Guid(65bae4dec8530b74986bb39564802782) Importer(815301076,1909f56bfc062723c751e8b465ee728b)
Start importing Assets/Tiles/EnvironmentDungeon/mainlevbuild_38.asset using Guid(65bae4dec8530b74986bb39564802782) Importer(815301076,1909f56bfc062723c751e8b465ee728b)  -> (artifact id: 'd6cf7c1f0be94d2b8384fe8ec8e19aa2') in 0.009670 seconds 
========================================================================
Received Import Request.
  Time since last request: 0.000021 seconds.
  path: Assets/Tiles/EnvironmentDungeon/mainlevbuild_7.asset
  artifactKey: Guid(900e841f85977ba46bb3e91c8a6d159f) Importer(815301076,1909f56bfc062723c751e8b465ee728b)
Start importing Assets/Tiles/EnvironmentDungeon/mainlevbuild_7.asset using Guid(900e841f85977ba46bb3e91c8a6d159f) Importer(815301076,1909f56bfc062723c751e8b465ee728b)  -> (artifact id: '2b11c4c1ca3718de5979ce5b73b68ed7') in 0.010777 seconds 
========================================================================
Received Import Request.
  Time since last request: 0.000024 seconds.
  path: Assets/Tiles/EnvironmentDungeon/mainlevbuild_52.asset
  artifactKey: Guid(750b8056debc43f4a8360b2ec2d274fa) Importer(815301076,1909f56bfc062723c751e8b465ee728b)
Start importing Assets/Tiles/EnvironmentDungeon/mainlevbuild_52.asset using Guid(750b8056debc43f4a8360b2ec2d274fa) Importer(815301076,1909f56bfc062723c751e8b465ee728b)  -> (artifact id: 'f25b18229ae1b6accd649c12c1398bc8') in 0.010934 seconds 
Editor requested this worker to shutdown with reason: Scaling down because of idle timeout
AssetImportWorker is now disconnected from the server
Process exiting
Exiting without the bug reporter. Application will terminate with return code 0